<?xml version="1.0" encoding="UTF-8"?>
<!-- Generated by org.testng.reporters.JUnitXMLReporter -->
<testsuite ignored="2" hostname="Prabhus-MacBook-Pro.local" failures="0" tests="8" name="Test" time="92.112" errors="0" timestamp="2025-07-15T19:40:19 IST">
  <testcase classname="test.LoginTests" name="loginValidation" time="0.899"/>
  <testcase classname="test.LoginTests" name="loginValidation" time="0.733"/>
  <testcase classname="test.LoginTests" name="loginValidation" time="0.523"/>
  <testcase classname="test.LoginTests" name="loginValidation" time="0.496"/>
  <testcase classname="test.LoginTests" name="loginValidation" time="0.51"/>
  <testcase classname="test.LoginTests" name="verifySessionUsernameCookie" time="0.752"/>
  <testcase classname="test.E2ETests" name="verifyAddToCartFlow" time="13.882"/>
  <testcase classname="test.E2ETests" name="verifyLogoutFunctionality" time="3.525"/>
  <testcase classname="base.TestBase" name="@AfterSuite endReport" time="0.0">
    <ignored/>
  </testcase> <!-- @AfterSuite endReport -->
  <testcase classname="base.TestBase" name="@BeforeSuite startReport" time="0.0">
    <ignored/>
  </testcase> <!-- @BeforeSuite startReport -->
</testsuite> <!-- Test -->
