<?xml version="1.0" encoding="UTF-8"?>
<testng-results ignored="2" total="10" passed="8" failed="0" skipped="0">
  <reporter-output>
  </reporter-output>
  <suite started-at="2025-07-15T19:38:47 IST" name="Suite" finished-at="2025-07-15T19:40:19 IST" duration-ms="92112">
    <groups>
    </groups>
    <test started-at="2025-07-15T19:38:47 IST" name="Test" finished-at="2025-07-15T19:40:19 IST" duration-ms="92112">
      <class name="test.LoginTests">
        <test-method is-config="true" signature="startReport()[pri:0, instance:test.LoginTests@72a7c7e0]" started-at="2025-07-15T19:38:47 IST" name="startReport" finished-at="2025-07-15T19:38:47 IST" duration-ms="91" status="PASS">
          <reporter-output>
          </reporter-output>
        </test-method> <!-- startReport -->
        <test-method is-config="true" signature="setup(java.lang.reflect.Method)[pri:0, instance:test.LoginTests@72a7c7e0]" started-at="2025-07-15T19:38:47 IST" name="setup" finished-at="2025-07-15T19:38:58 IST" duration-ms="11085" status="PASS">
          <params>
            <param index="0">
              <value>
                <![CDATA[public void test.LoginTests.loginValidation(java.lang.String,java.lang.String,java.lang.String)]]>
              </value>
            </param>
          </params>
          <reporter-output>
          </reporter-output>
        </test-method> <!-- setup -->
        <test-method signature="loginValidation(java.lang.String,java.lang.String,java.lang.String)[pri:0, instance:test.LoginTests@72a7c7e0]" started-at="2025-07-15T19:38:58 IST" name="loginValidation" data-provider="logins" finished-at="2025-07-15T19:38:59 IST" duration-ms="899" status="PASS">
          <params>
            <param index="0">
              <value>
                <![CDATA[standard_user]]>
              </value>
            </param>
            <param index="1">
              <value>
                <![CDATA[secret_sauce]]>
              </value>
            </param>
            <param index="2">
              <value>
                <![CDATA[success]]>
              </value>
            </param>
          </params>
          <reporter-output>
          </reporter-output>
        </test-method> <!-- loginValidation -->
        <test-method is-config="true" signature="tearDown(org.testng.ITestResult)[pri:0, instance:test.LoginTests@72a7c7e0]" started-at="2025-07-15T19:38:59 IST" name="tearDown" finished-at="2025-07-15T19:38:59 IST" duration-ms="117" status="PASS">
          <params>
            <param index="0">
              <value>
                <![CDATA[[TestResult name=loginValidation status=SUCCESS method=LoginTests.loginValidation(java.lang.String,java.lang.String,java.lang.String)[pri:0, instance:test.LoginTests@72a7c7e0] output={null}]]]>
              </value>
            </param>
          </params>
          <reporter-output>
          </reporter-output>
        </test-method> <!-- tearDown -->
        <test-method is-config="true" signature="setup(java.lang.reflect.Method)[pri:0, instance:test.LoginTests@72a7c7e0]" started-at="2025-07-15T19:38:59 IST" name="setup" finished-at="2025-07-15T19:39:08 IST" duration-ms="8942" status="PASS">
          <params>
            <param index="0">
              <value>
                <![CDATA[public void test.LoginTests.loginValidation(java.lang.String,java.lang.String,java.lang.String)]]>
              </value>
            </param>
          </params>
          <reporter-output>
          </reporter-output>
        </test-method> <!-- setup -->
        <test-method signature="loginValidation(java.lang.String,java.lang.String,java.lang.String)[pri:0, instance:test.LoginTests@72a7c7e0]" started-at="2025-07-15T19:39:08 IST" name="loginValidation" data-provider="logins" finished-at="2025-07-15T19:39:09 IST" duration-ms="733" status="PASS">
          <params>
            <param index="0">
              <value>
                <![CDATA[locked_out_user]]>
              </value>
            </param>
            <param index="1">
              <value>
                <![CDATA[secret_sauce]]>
              </value>
            </param>
            <param index="2">
              <value>
                <![CDATA[locked]]>
              </value>
            </param>
          </params>
          <reporter-output>
          </reporter-output>
        </test-method> <!-- loginValidation -->
        <test-method is-config="true" signature="tearDown(org.testng.ITestResult)[pri:0, instance:test.LoginTests@72a7c7e0]" started-at="2025-07-15T19:39:09 IST" name="tearDown" finished-at="2025-07-15T19:39:09 IST" duration-ms="94" status="PASS">
          <params>
            <param index="0">
              <value>
                <![CDATA[[TestResult name=loginValidation status=SUCCESS method=LoginTests.loginValidation(java.lang.String,java.lang.String,java.lang.String)[pri:0, instance:test.LoginTests@72a7c7e0] output={null}]]]>
              </value>
            </param>
          </params>
          <reporter-output>
          </reporter-output>
        </test-method> <!-- tearDown -->
        <test-method is-config="true" signature="setup(java.lang.reflect.Method)[pri:0, instance:test.LoginTests@72a7c7e0]" started-at="2025-07-15T19:39:09 IST" name="setup" finished-at="2025-07-15T19:39:18 IST" duration-ms="8566" status="PASS">
          <params>
            <param index="0">
              <value>
                <![CDATA[public void test.LoginTests.loginValidation(java.lang.String,java.lang.String,java.lang.String)]]>
              </value>
            </param>
          </params>
          <reporter-output>
          </reporter-output>
        </test-method> <!-- setup -->
        <test-method signature="loginValidation(java.lang.String,java.lang.String,java.lang.String)[pri:0, instance:test.LoginTests@72a7c7e0]" started-at="2025-07-15T19:39:18 IST" name="loginValidation" data-provider="logins" finished-at="2025-07-15T19:39:18 IST" duration-ms="523" status="PASS">
          <params>
            <param index="0">
              <value>
                <![CDATA[standard_user]]>
              </value>
            </param>
            <param index="1">
              <value>
                <![CDATA[wrong_pass]]>
              </value>
            </param>
            <param index="2">
              <value>
                <![CDATA[invalid]]>
              </value>
            </param>
          </params>
          <reporter-output>
          </reporter-output>
        </test-method> <!-- loginValidation -->
        <test-method is-config="true" signature="tearDown(org.testng.ITestResult)[pri:0, instance:test.LoginTests@72a7c7e0]" started-at="2025-07-15T19:39:18 IST" name="tearDown" finished-at="2025-07-15T19:39:18 IST" duration-ms="93" status="PASS">
          <params>
            <param index="0">
              <value>
                <![CDATA[[TestResult name=loginValidation status=SUCCESS method=LoginTests.loginValidation(java.lang.String,java.lang.String,java.lang.String)[pri:0, instance:test.LoginTests@72a7c7e0] output={null}]]]>
              </value>
            </param>
          </params>
          <reporter-output>
          </reporter-output>
        </test-method> <!-- tearDown -->
        <test-method is-config="true" signature="setup(java.lang.reflect.Method)[pri:0, instance:test.LoginTests@72a7c7e0]" started-at="2025-07-15T19:39:18 IST" name="setup" finished-at="2025-07-15T19:39:26 IST" duration-ms="8015" status="PASS">
          <params>
            <param index="0">
              <value>
                <![CDATA[public void test.LoginTests.loginValidation(java.lang.String,java.lang.String,java.lang.String)]]>
              </value>
            </param>
          </params>
          <reporter-output>
          </reporter-output>
        </test-method> <!-- setup -->
        <test-method signature="loginValidation(java.lang.String,java.lang.String,java.lang.String)[pri:0, instance:test.LoginTests@72a7c7e0]" started-at="2025-07-15T19:39:26 IST" name="loginValidation" data-provider="logins" finished-at="2025-07-15T19:39:27 IST" duration-ms="496" status="PASS">
          <params>
            <param index="0">
              <value>
                <![CDATA[]]>
              </value>
            </param>
            <param index="1">
              <value>
                <![CDATA[secret_sauce]]>
              </value>
            </param>
            <param index="2">
              <value>
                <![CDATA[empty]]>
              </value>
            </param>
          </params>
          <reporter-output>
          </reporter-output>
        </test-method> <!-- loginValidation -->
        <test-method is-config="true" signature="tearDown(org.testng.ITestResult)[pri:0, instance:test.LoginTests@72a7c7e0]" started-at="2025-07-15T19:39:27 IST" name="tearDown" finished-at="2025-07-15T19:39:27 IST" duration-ms="90" status="PASS">
          <params>
            <param index="0">
              <value>
                <![CDATA[[TestResult name=loginValidation status=SUCCESS method=LoginTests.loginValidation(java.lang.String,java.lang.String,java.lang.String)[pri:0, instance:test.LoginTests@72a7c7e0] output={null}]]]>
              </value>
            </param>
          </params>
          <reporter-output>
          </reporter-output>
        </test-method> <!-- tearDown -->
        <test-method is-config="true" signature="setup(java.lang.reflect.Method)[pri:0, instance:test.LoginTests@72a7c7e0]" started-at="2025-07-15T19:39:27 IST" name="setup" finished-at="2025-07-15T19:39:35 IST" duration-ms="8103" status="PASS">
          <params>
            <param index="0">
              <value>
                <![CDATA[public void test.LoginTests.loginValidation(java.lang.String,java.lang.String,java.lang.String)]]>
              </value>
            </param>
          </params>
          <reporter-output>
          </reporter-output>
        </test-method> <!-- setup -->
        <test-method signature="loginValidation(java.lang.String,java.lang.String,java.lang.String)[pri:0, instance:test.LoginTests@72a7c7e0]" started-at="2025-07-15T19:39:35 IST" name="loginValidation" data-provider="logins" finished-at="2025-07-15T19:39:36 IST" duration-ms="510" status="PASS">
          <params>
            <param index="0">
              <value>
                <![CDATA[standard_user]]>
              </value>
            </param>
            <param index="1">
              <value>
                <![CDATA[]]>
              </value>
            </param>
            <param index="2">
              <value>
                <![CDATA[empty]]>
              </value>
            </param>
          </params>
          <reporter-output>
          </reporter-output>
        </test-method> <!-- loginValidation -->
        <test-method is-config="true" signature="tearDown(org.testng.ITestResult)[pri:0, instance:test.LoginTests@72a7c7e0]" started-at="2025-07-15T19:39:36 IST" name="tearDown" finished-at="2025-07-15T19:39:36 IST" duration-ms="94" status="PASS">
          <params>
            <param index="0">
              <value>
                <![CDATA[[TestResult name=loginValidation status=SUCCESS method=LoginTests.loginValidation(java.lang.String,java.lang.String,java.lang.String)[pri:0, instance:test.LoginTests@72a7c7e0] output={null}]]]>
              </value>
            </param>
          </params>
          <reporter-output>
          </reporter-output>
        </test-method> <!-- tearDown -->
        <test-method is-config="true" signature="setup(java.lang.reflect.Method)[pri:0, instance:test.LoginTests@72a7c7e0]" started-at="2025-07-15T19:39:36 IST" name="setup" finished-at="2025-07-15T19:39:44 IST" duration-ms="8011" status="PASS">
          <params>
            <param index="0">
              <value>
                <![CDATA[public void test.LoginTests.verifySessionUsernameCookie()]]>
              </value>
            </param>
          </params>
          <reporter-output>
          </reporter-output>
        </test-method> <!-- setup -->
        <test-method signature="verifySessionUsernameCookie()[pri:0, instance:test.LoginTests@72a7c7e0]" started-at="2025-07-15T19:39:44 IST" name="verifySessionUsernameCookie" finished-at="2025-07-15T19:39:44 IST" duration-ms="752" status="PASS">
          <reporter-output>
          </reporter-output>
        </test-method> <!-- verifySessionUsernameCookie -->
        <test-method is-config="true" signature="tearDown(org.testng.ITestResult)[pri:0, instance:test.LoginTests@72a7c7e0]" started-at="2025-07-15T19:39:44 IST" name="tearDown" finished-at="2025-07-15T19:39:44 IST" duration-ms="93" status="PASS">
          <params>
            <param index="0">
              <value>
                <![CDATA[[TestResult name=verifySessionUsernameCookie status=SUCCESS method=LoginTests.verifySessionUsernameCookie()[pri:0, instance:test.LoginTests@72a7c7e0] output={null}]]]>
              </value>
            </param>
          </params>
          <reporter-output>
          </reporter-output>
        </test-method> <!-- tearDown -->
        <test-method is-config="true" signature="endReport()[pri:0, instance:test.LoginTests@72a7c7e0]" started-at="2025-07-15T19:40:19 IST" name="endReport" finished-at="2025-07-15T19:40:20 IST" duration-ms="137" status="PASS">
          <reporter-output>
          </reporter-output>
        </test-method> <!-- endReport -->
      </class> <!-- test.LoginTests -->
      <class name="test.E2ETests">
        <test-method is-config="true" signature="setup(java.lang.reflect.Method)[pri:0, instance:test.E2ETests@e056f20]" started-at="2025-07-15T19:39:44 IST" name="setup" finished-at="2025-07-15T19:39:52 IST" duration-ms="8008" status="PASS">
          <params>
            <param index="0">
              <value>
                <![CDATA[public void test.E2ETests.verifyAddToCartFlow()]]>
              </value>
            </param>
          </params>
          <reporter-output>
          </reporter-output>
        </test-method> <!-- setup -->
        <test-method signature="verifyAddToCartFlow()[pri:0, instance:test.E2ETests@e056f20]" started-at="2025-07-15T19:39:52 IST" name="verifyAddToCartFlow" finished-at="2025-07-15T19:40:06 IST" duration-ms="13882" status="PASS">
          <reporter-output>
          </reporter-output>
        </test-method> <!-- verifyAddToCartFlow -->
        <test-method is-config="true" signature="tearDown(org.testng.ITestResult)[pri:0, instance:test.E2ETests@e056f20]" started-at="2025-07-15T19:40:06 IST" name="tearDown" finished-at="2025-07-15T19:40:06 IST" duration-ms="125" status="PASS">
          <params>
            <param index="0">
              <value>
                <![CDATA[[TestResult name=verifyAddToCartFlow status=SUCCESS method=E2ETests.verifyAddToCartFlow()[pri:0, instance:test.E2ETests@e056f20] output={null}]]]>
              </value>
            </param>
          </params>
          <reporter-output>
          </reporter-output>
        </test-method> <!-- tearDown -->
        <test-method is-config="true" signature="setup(java.lang.reflect.Method)[pri:0, instance:test.E2ETests@e056f20]" started-at="2025-07-15T19:40:06 IST" name="setup" finished-at="2025-07-15T19:40:16 IST" duration-ms="9228" status="PASS">
          <params>
            <param index="0">
              <value>
                <![CDATA[public void test.E2ETests.verifyLogoutFunctionality()]]>
              </value>
            </param>
          </params>
          <reporter-output>
          </reporter-output>
        </test-method> <!-- setup -->
        <test-method signature="verifyLogoutFunctionality()[pri:0, instance:test.E2ETests@e056f20]" started-at="2025-07-15T19:40:16 IST" name="verifyLogoutFunctionality" finished-at="2025-07-15T19:40:19 IST" duration-ms="3525" status="PASS">
          <reporter-output>
          </reporter-output>
        </test-method> <!-- verifyLogoutFunctionality -->
        <test-method is-config="true" signature="tearDown(org.testng.ITestResult)[pri:0, instance:test.E2ETests@e056f20]" started-at="2025-07-15T19:40:19 IST" name="tearDown" finished-at="2025-07-15T19:40:19 IST" duration-ms="100" status="PASS">
          <params>
            <param index="0">
              <value>
                <![CDATA[[TestResult name=verifyLogoutFunctionality status=SUCCESS method=E2ETests.verifyLogoutFunctionality()[pri:0, instance:test.E2ETests@e056f20] output={null}]]]>
              </value>
            </param>
          </params>
          <reporter-output>
          </reporter-output>
        </test-method> <!-- tearDown -->
      </class> <!-- test.E2ETests -->
    </test> <!-- Test -->
  </suite> <!-- Suite -->
</testng-results>
